<?xml version="1.0" encoding="UTF-8"?>
<!-- Generated by org.testng.reporters.JUnitReportReporter -->
<testsuite hostname="DESKTOP-A44PTPU" failures="0" tests="3" name="com.crm.qa.testcases.LoginPageTest" time="35.754" errors="0" timestamp="2023-05-25T19:39:55 CEST" skipped="0">
  <testcase classname="com.crm.qa.testcases.LoginPageTest" name="loginTest" time="17.848"/>
  <system-out/>
  <testcase classname="com.crm.qa.testcases.LoginPageTest" name="loginPageTitleTest" time="9.565"/>
  <system-out/>
  <testcase classname="com.crm.qa.testcases.LoginPageTest" name="crmLogoImageTest" time="8.341"/>
  <system-out/>
</testsuite> <!-- com.crm.qa.testcases.LoginPageTest -->
