<?xml version="1.0" encoding="UTF-8"?>
<!-- Generated by org.testng.reporters.JUnitReportReporter -->
<testsuite hostname="DESKTOP-A44PTPU" failures="0" tests="3" name="com.crm.qa.testcases.HomePageTest" time="56.529" errors="0" timestamp="2023-05-25T19:39:55 CEST" skipped="0">
  <testcase classname="com.crm.qa.testcases.HomePageTest" name="verifyUserNameLabelTxt" time="17.600"/>
  <system-out/>
  <testcase classname="com.crm.qa.testcases.HomePageTest" name="contactLinkTest" time="20.833"/>
  <system-out/>
  <testcase classname="com.crm.qa.testcases.HomePageTest" name="verifyHomePageTitle" time="18.096"/>
  <system-out/>
</testsuite> <!-- com.crm.qa.testcases.HomePageTest -->
